Using pre-set license
Built from '2021.3/staging' branch; Version is '2021.3.21f1 (1b156197d683) revision 1774945'; Using compiler version '192829333'; Build Type 'Release'
OS: 'Windows 11  (10.0.22621) 64bit Core' Language: 'ko' Physical Memory: 8001 MB
BatchMode: 1, IsHumanControllingUs: 0, StartBugReporterOnCrash: 0, Is64bit: 1, IsPro: 1

COMMAND LINE ARGUMENTS:
C:\Program Files\2021.3.21f1\Editor\Unity.exe
-adb2
-batchMode
-noUpm
-name
AssetImportWorker1
-projectPath
C:/Users/YooRimKim/Desktop/GitHub/GoRunJump
-logFile
Logs/AssetImportWorker1.log
-srvPort
62444
Successfully changed project path to: C:/Users/YooRimKim/Desktop/GitHub/GoRunJump
C:/Users/YooRimKim/Desktop/GitHub/GoRunJump
[UnityMemory] Configuration Parameters - Can be set up in boot.config
    "memorysetup-bucket-allocator-granularity=16"
    "memorysetup-bucket-allocator-bucket-count=8"
    "memorysetup-bucket-allocator-block-size=33554432"
    "memorysetup-bucket-allocator-block-count=8"
    "memorysetup-main-allocator-block-size=16777216"
    "memorysetup-thread-allocator-block-size=16777216"
    "memorysetup-gfx-main-allocator-block-size=16777216"
    "memorysetup-gfx-thread-allocator-block-size=16777216"
    "memorysetup-cache-allocator-block-size=4194304"
    "memorysetup-typetree-allocator-block-size=2097152"
    "memorysetup-profiler-bucket-allocator-granularity=16"
    "memorysetup-profiler-bucket-allocator-bucket-count=8"
    "memorysetup-profiler-bucket-allocator-block-size=33554432"
    "memorysetup-profiler-bucket-allocator-block-count=8"
    "memorysetup-profiler-allocator-block-size=16777216"
    "memorysetup-profiler-editor-allocator-block-size=1048576"
    "memorysetup-temp-allocator-size-main=16777216"
    "memorysetup-job-temp-allocator-block-size=2097152"
    "memorysetup-job-temp-allocator-block-size-background=1048576"
    "memorysetup-job-temp-allocator-reduction-small-platforms=262144"
    "memorysetup-temp-allocator-size-background-worker=32768"
    "memorysetup-temp-allocator-size-job-worker=262144"
    "memorysetup-temp-allocator-size-preload-manager=33554432"
    "memorysetup-temp-allocator-size-nav-mesh-worker=65536"
    "memorysetup-temp-allocator-size-audio-worker=65536"
    "memorysetup-temp-allocator-size-cloud-worker=32768"
    "memorysetup-temp-allocator-size-gi-baking-worker=262144"
    "memorysetup-temp-allocator-size-gfx=262144"
Player connection [2452] Host "[IP] 192.168.239.1 [Port] 0 [Flags] 2 [Guid] 2545012283 [EditorId] 2545012283 [Version] 1048832 [Id] WindowsEditor(7,LAPTOP-CVBP1VVT) [Debug] 1 [PackageName] WindowsEditor [ProjectName] Editor" joined multi-casting on [225.0.0.222:54997]...

Player connection [2452] Host "[IP] 192.168.239.1 [Port] 0 [Flags] 2 [Guid] 2545012283 [EditorId] 2545012283 [Version] 1048832 [Id] WindowsEditor(7,LAPTOP-CVBP1VVT) [Debug] 1 [PackageName] WindowsEditor [ProjectName] Editor" joined alternative multi-casting on [225.0.0.222:34997]...

Refreshing native plugins compatible for Editor in 183.71 ms, found 3 plugins.
Preloading 0 native plugins for Editor in 0.00 ms.
Initialize engine version: 2021.3.21f1 (1b156197d683)
[Subsystems] Discovering subsystems at path C:/Program Files/2021.3.21f1/Editor/Data/Resources/UnitySubsystems
[Subsystems] Discovering subsystems at path C:/Users/YooRimKim/Desktop/GitHub/GoRunJump/Assets
GfxDevice: creating device client; threaded=0; jobified=0
Direct3D:
    Version:  Direct3D 11.0 [level 11.1]
    Renderer: NVIDIA GeForce MX250 (ID=0x1d13)
    Vendor:   NVIDIA
    VRAM:     1983 MB
    Driver:   31.0.15.2206
Initialize mono
Mono path[0] = 'C:/Program Files/2021.3.21f1/Editor/Data/Managed'
Mono path[1] = 'C:/Program Files/2021.3.21f1/Editor/Data/MonoBleedingEdge/lib/mono/unityjit-win32'
Mono config path = 'C:/Program Files/2021.3.21f1/Editor/Data/MonoBleedingEdge/etc'
Using monoOptions --debugger-agent=transport=dt_socket,embedding=1,server=y,suspend=n,address=127.0.0.1:56344
Begin MonoManager ReloadAssembly
Registering precompiled unity dll's ...
Register platform support module: C:/Program Files/2021.3.21f1/Editor/Data/PlaybackEngines/AndroidPlayer/UnityEditor.Android.Extensions.dll
Register platform support module: C:/Program Files/2021.3.21f1/Editor/Data/PlaybackEngines/iOSSupport/UnityEditor.iOS.Extensions.dll
Register platform support module: C:/Program Files/2021.3.21f1/Editor/Data/PlaybackEngines/WindowsStandaloneSupport/UnityEditor.WindowsStandalone.Extensions.dll
Registered in 0.016033 seconds.
Native extension for WindowsStandalone target not found
[usbmuxd] Start listen thread
[usbmuxd] Listen thread started
Native extension for iOS target not found
Native extension for Android target not found
Android Extension - Scanning For ADB Devices 776 ms
Refreshing native plugins compatible for Editor in 234.74 ms, found 3 plugins.
Preloading 0 native plugins for Editor in 0.00 ms.
Mono: successfully reloaded assembly
- Completed reload, in  2.732 seconds
Domain Reload Profiling:
	ReloadAssembly (2733ms)
		BeginReloadAssembly (318ms)
			ExecutionOrderSort (0ms)
			DisableScriptedObjects (0ms)
			BackupInstance (0ms)
			ReleaseScriptingObjects (0ms)
			CreateAndSetChildDomain (1ms)
		EndReloadAssembly (2176ms)
			LoadAssemblies (310ms)
			RebuildTransferFunctionScriptingTraits (0ms)
			SetupTypeCache (254ms)
			ReleaseScriptCaches (0ms)
			RebuildScriptCaches (59ms)
			SetupLoadedEditorAssemblies (1742ms)
				LogAssemblyErrors (0ms)
				InitializePlatformSupportModulesInManaged (960ms)
				SetLoadedEditorAssemblies (0ms)
				RefreshPlugins (235ms)
				BeforeProcessingInitializeOnLoad (7ms)
				ProcessInitializeOnLoadAttributes (408ms)
				ProcessInitializeOnLoadMethodAttributes (131ms)
				AfterProcessingInitializeOnLoad (0ms)
				EditorAssembliesLoaded (0ms)
			ExecutionOrderSort2 (0ms)
			AwakeInstancesAfterBackupRestoration (0ms)
Platform modules already initialized, skipping
Registering precompiled user dll's ...
Registered in 0.028595 seconds.
Begin MonoManager ReloadAssembly
Symbol file LoadedFromMemory doesn't match image C:\Users\YooRimKim\Desktop\GitHub\GoRunJump\Library\PackageCache\com.unity.visualscripting@1.8.0\Editor\VisualScripting.Core\Dependencies\YamlDotNet\Unity.VisualScripting.YamlDotNet.dll
Symbol file LoadedFromMemory doesn't match image C:\Users\YooRimKim\Desktop\GitHub\GoRunJump\Library\PackageCache\com.unity.visualscripting@1.8.0\Editor\VisualScripting.Core\Dependencies\DotNetZip\Unity.VisualScripting.IonicZip.dll
Native extension for WindowsStandalone target not found
Native extension for iOS target not found
Native extension for Android target not found
Refreshing native plugins compatible for Editor in 0.97 ms, found 3 plugins.
Preloading 0 native plugins for Editor in 0.00 ms.
Mono: successfully reloaded assembly
- Completed reload, in  1.948 seconds
Domain Reload Profiling:
	ReloadAssembly (1950ms)
		BeginReloadAssembly (232ms)
			ExecutionOrderSort (0ms)
			DisableScriptedObjects (8ms)
			BackupInstance (0ms)
			ReleaseScriptingObjects (0ms)
			CreateAndSetChildDomain (33ms)
		EndReloadAssembly (1546ms)
			LoadAssemblies (251ms)
			RebuildTransferFunctionScriptingTraits (0ms)
			SetupTypeCache (472ms)
			ReleaseScriptCaches (1ms)
			RebuildScriptCaches (79ms)
			SetupLoadedEditorAssemblies (716ms)
				LogAssemblyErrors (0ms)
				InitializePlatformSupportModulesInManaged (48ms)
				SetLoadedEditorAssemblies (1ms)
				RefreshPlugins (1ms)
				BeforeProcessingInitializeOnLoad (142ms)
				ProcessInitializeOnLoadAttributes (471ms)
				ProcessInitializeOnLoadMethodAttributes (38ms)
				AfterProcessingInitializeOnLoad (14ms)
				EditorAssembliesLoaded (0ms)
			ExecutionOrderSort2 (0ms)
			AwakeInstancesAfterBackupRestoration (18ms)
Platform modules already initialized, skipping
========================================================================
Worker process is ready to serve import requests
Launched and connected shader compiler UnityShaderCompiler.exe after 0.11 seconds
Refreshing native plugins compatible for Editor in 0.82 ms, found 3 plugins.
Preloading 0 native plugins for Editor in 0.00 ms.
Unloading 3312 Unused Serialized files (Serialized files now loaded: 0)
Unloading 38 unused Assets / (160.9 KB). Loaded Objects now: 3808.
Memory consumption went from 214.8 MB to 214.6 MB.
Total: 4.714400 ms (FindLiveObjects: 0.754700 ms CreateObjectMapping: 0.495900 ms MarkObjects: 3.321100 ms  DeleteObjects: 0.140700 ms)

AssetImportParameters requested are different than current active one (requested -> active):
  custom:video-decoder-ogg-theora: a1e56fd34408186e4bbccfd4996cb3dc -> 
  custom:container-muxer-webm: aa71ff27fc2769a1b78a27578f13a17b -> 
  custom:container-demuxer-webm: 4f35f7cbe854078d1ac9338744f61a02 -> 
  custom:video-encoder-webm-vp8: eb34c28f22e8b96e1ab97ce403110664 -> 
  custom:video-codec-MediaFoundation-h265: 746d11721c4dcdbdad8f713fa42b33f4 -> 
  custom:audio-encoder-webm-vorbis: bf7c407c2cedff20999df2af8eb42d56 -> 
  custom:framework-win-MediaFoundation: 216162199b28c13a410421893ffa2e32 -> 
  custom:container-demuxer-ogg: 62fdf1f143b41e24485cea50d1cbac27 -> 
  custom:video-decoder-webm-vp8: 9c59270c3fd7afecdb556c50c9e8de78 -> 
  custom:audio-decoder-ogg-vorbis: bf7c407c2cedff20999df2af8eb42d56 -> 
========================================================================
Received Import Request.
  Time since last request: 28655.021623 seconds.
  path: Assets/Scripts/JumpPerception.cs
  artifactKey: Guid(15f617726681e8f4c969a6a6e790b6aa) Importer(815301076,1909f56bfc062723c751e8b465ee728b)
Start importing Assets/Scripts/JumpPerception.cs using Guid(15f617726681e8f4c969a6a6e790b6aa) Importer(815301076,1909f56bfc062723c751e8b465ee728b)  -> (artifact id: '5200f60ca43c9690a13a61f5b0c174c9') in 0.080519 seconds 
========================================================================
Received Import Request.
  Time since last request: 0.000047 seconds.
  path: Assets/Scripts/Player/PlayerMovement.cs
  artifactKey: Guid(96a906d648e40d34cb791b6201cf3278) Importer(815301076,1909f56bfc062723c751e8b465ee728b)
Start importing Assets/Scripts/Player/PlayerMovement.cs using Guid(96a906d648e40d34cb791b6201cf3278) Importer(815301076,1909f56bfc062723c751e8b465ee728b)  -> (artifact id: '7bd007f207f2312986b03b95fdd22d17') in 0.033708 seconds 
========================================================================
Received Import Request.
  Time since last request: 27.653238 seconds.
  path: Assets/Audio/Cartoon Birds 2 Sound.mp3
  artifactKey: Guid(bfbbe8232fc24744fb326b5ca34f393e) Importer(815301076,1909f56bfc062723c751e8b465ee728b)
Start importing Assets/Audio/Cartoon Birds 2 Sound.mp3 using Guid(bfbbe8232fc24744fb326b5ca34f393e) Importer(815301076,1909f56bfc062723c751e8b465ee728b)  -> (artifact id: 'd0c86bb2836198c00c37157000acb0a5') in 0.495484 seconds 
========================================================================
Received Import Request.
  Time since last request: 0.000068 seconds.
  path: Assets/Audio/uplifting-piano-is-112841.mp3
  artifactKey: Guid(a3d1a54139e82ab4aa91f5b8cecdee54) Importer(815301076,1909f56bfc062723c751e8b465ee728b)
Start importing Assets/Audio/uplifting-piano-is-112841.mp3 using Guid(a3d1a54139e82ab4aa91f5b8cecdee54) Importer(815301076,1909f56bfc062723c751e8b465ee728b)  -> (artifact id: 'f5e483d611532410a3554879437f7a45') in 0.120009 seconds 
========================================================================
Received Import Request.
  Time since last request: 0.000260 seconds.
  path: Assets/Audio/dive-6423.mp3
  artifactKey: Guid(96c4f5092a1a85b4b99a4b97ad6a8457) Importer(815301076,1909f56bfc062723c751e8b465ee728b)
Start importing Assets/Audio/dive-6423.mp3 using Guid(96c4f5092a1a85b4b99a4b97ad6a8457) Importer(815301076,1909f56bfc062723c751e8b465ee728b)  -> (artifact id: 'edf5d069d261d5efe302ca03dfd964ed') in 0.319428 seconds 
========================================================================
Received Import Request.
  Time since last request: 0.109350 seconds.
  path: Assets/Audio/Hobbit Oh aw.mp3
  artifactKey: Guid(0f9c53a3fa6306d4383b13adf22d9390) Importer(815301076,1909f56bfc062723c751e8b465ee728b)
Start importing Assets/Audio/Hobbit Oh aw.mp3 using Guid(0f9c53a3fa6306d4383b13adf22d9390) Importer(815301076,1909f56bfc062723c751e8b465ee728b)  -> (artifact id: '9ce286409a31f0fd879b26f1653db55e') in 1.163115 seconds 
========================================================================
Received Import Request.
  Time since last request: 0.000081 seconds.
  path: Assets/Audio/magic-in-the-air-43177.mp3
  artifactKey: Guid(f1cc3b1ec9402a541a8eed78554bbdaf) Importer(815301076,1909f56bfc062723c751e8b465ee728b)
Start importing Assets/Audio/magic-in-the-air-43177.mp3 using Guid(f1cc3b1ec9402a541a8eed78554bbdaf) Importer(815301076,1909f56bfc062723c751e8b465ee728b)  -> (artifact id: '10867671b9bb67def092d9201cfc43f0') in 0.110778 seconds 
========================================================================
Received Import Request.
  Time since last request: 0.000067 seconds.
  path: Assets/Audio/Kaiser - Beginning of the Journey.mp3
  artifactKey: Guid(f9461d51d53e5504e811fca88a4b09d9) Importer(815301076,1909f56bfc062723c751e8b465ee728b)
Start importing Assets/Audio/Kaiser - Beginning of the Journey.mp3 using Guid(f9461d51d53e5504e811fca88a4b09d9) Importer(815301076,1909f56bfc062723c751e8b465ee728b)  -> (artifact id: '069367a7d1ffa6d4793c0949086c6ce1') in 0.106836 seconds 
========================================================================
Received Import Request.
  Time since last request: 0.000062 seconds.
  path: Assets/Audio/summer-vibes-background-vlog-music-158665.mp3
  artifactKey: Guid(daa687b8212910148a8054d2b865faec) Importer(815301076,1909f56bfc062723c751e8b465ee728b)
Start importing Assets/Audio/summer-vibes-background-vlog-music-158665.mp3 using Guid(daa687b8212910148a8054d2b865faec) Importer(815301076,1909f56bfc062723c751e8b465ee728b)  -> (artifact id: 'a4d54438ba760b239347319ef702e358') in 0.137490 seconds 
========================================================================
Received Import Request.
  Time since last request: 0.000096 seconds.
  path: Assets/Audio/Hobbit Oh 4.mp3
  artifactKey: Guid(a2e38c379ef161a4990d3d6559bf5309) Importer(815301076,1909f56bfc062723c751e8b465ee728b)
Start importing Assets/Audio/Hobbit Oh 4.mp3 using Guid(a2e38c379ef161a4990d3d6559bf5309) Importer(815301076,1909f56bfc062723c751e8b465ee728b)  -> (artifact id: 'f9f9edaefc247296b30f28d688dd7e8b') in 0.072577 seconds 
========================================================================
Received Prepare
Registering precompiled user dll's ...
Registered in 0.014029 seconds.
Begin MonoManager ReloadAssembly
Symbol file LoadedFromMemory doesn't match image C:\Users\YooRimKim\Desktop\GitHub\GoRunJump\Library\PackageCache\com.unity.visualscripting@1.8.0\Editor\VisualScripting.Core\Dependencies\YamlDotNet\Unity.VisualScripting.YamlDotNet.dll
Symbol file LoadedFromMemory doesn't match image C:\Users\YooRimKim\Desktop\GitHub\GoRunJump\Library\PackageCache\com.unity.visualscripting@1.8.0\Editor\VisualScripting.Core\Dependencies\DotNetZip\Unity.VisualScripting.IonicZip.dll
Native extension for WindowsStandalone target not found
Native extension for iOS target not found
Native extension for Android target not found
Refreshing native plugins compatible for Editor in 1.00 ms, found 3 plugins.
Preloading 0 native plugins for Editor in 0.00 ms.
Mono: successfully reloaded assembly
- Completed reload, in  1.959 seconds
Domain Reload Profiling:
	ReloadAssembly (1960ms)
		BeginReloadAssembly (306ms)
			ExecutionOrderSort (0ms)
			DisableScriptedObjects (7ms)
			BackupInstance (0ms)
			ReleaseScriptingObjects (0ms)
			CreateAndSetChildDomain (65ms)
		EndReloadAssembly (1468ms)
			LoadAssemblies (233ms)
			RebuildTransferFunctionScriptingTraits (0ms)
			SetupTypeCache (457ms)
			ReleaseScriptCaches (2ms)
			RebuildScriptCaches (91ms)
			SetupLoadedEditorAssemblies (648ms)
				LogAssemblyErrors (0ms)
				InitializePlatformSupportModulesInManaged (48ms)
				SetLoadedEditorAssemblies (1ms)
				RefreshPlugins (1ms)
				BeforeProcessingInitializeOnLoad (105ms)
				ProcessInitializeOnLoadAttributes (425ms)
				ProcessInitializeOnLoadMethodAttributes (51ms)
				AfterProcessingInitializeOnLoad (17ms)
				EditorAssembliesLoaded (0ms)
			ExecutionOrderSort2 (0ms)
			AwakeInstancesAfterBackupRestoration (34ms)
Platform modules already initialized, skipping
Refreshing native plugins compatible for Editor in 5.14 ms, found 3 plugins.
Preloading 0 native plugins for Editor in 0.00 ms.
Unloading 3286 Unused Serialized files (Serialized files now loaded: 0)
Unloading 20 unused Assets / (153.3 KB). Loaded Objects now: 3833.
Memory consumption went from 216.6 MB to 216.4 MB.
Total: 5.113500 ms (FindLiveObjects: 0.751900 ms CreateObjectMapping: 0.395900 ms MarkObjects: 3.833500 ms  DeleteObjects: 0.130200 ms)

AssetImportParameters requested are different than current active one (requested -> active):
  custom:video-decoder-ogg-theora: a1e56fd34408186e4bbccfd4996cb3dc -> 
  custom:container-muxer-webm: aa71ff27fc2769a1b78a27578f13a17b -> 
  custom:container-demuxer-webm: 4f35f7cbe854078d1ac9338744f61a02 -> 
  custom:video-encoder-webm-vp8: eb34c28f22e8b96e1ab97ce403110664 -> 
  custom:video-codec-MediaFoundation-h265: 746d11721c4dcdbdad8f713fa42b33f4 -> 
  custom:audio-encoder-webm-vorbis: bf7c407c2cedff20999df2af8eb42d56 -> 
  custom:framework-win-MediaFoundation: 216162199b28c13a410421893ffa2e32 -> 
  custom:container-demuxer-ogg: 62fdf1f143b41e24485cea50d1cbac27 -> 
  custom:video-decoder-webm-vp8: 9c59270c3fd7afecdb556c50c9e8de78 -> 
  custom:audio-decoder-ogg-vorbis: bf7c407c2cedff20999df2af8eb42d56 -> 
========================================================================
Received Import Request.
  Time since last request: 11.336578 seconds.
  path: Assets/Audio/BGM
  artifactKey: Guid(d42da3a2c79791143bff49a2b017520a) Importer(815301076,1909f56bfc062723c751e8b465ee728b)
Start importing Assets/Audio/BGM using Guid(d42da3a2c79791143bff49a2b017520a) Importer(815301076,1909f56bfc062723c751e8b465ee728b)  -> (artifact id: '0579fe488858c089f6dfddfd4f90a022') in 0.019310 seconds 
========================================================================
Received Prepare
Registering precompiled user dll's ...
Registered in 0.015285 seconds.
Begin MonoManager ReloadAssembly
Symbol file LoadedFromMemory doesn't match image C:\Users\YooRimKim\Desktop\GitHub\GoRunJump\Library\PackageCache\com.unity.visualscripting@1.8.0\Editor\VisualScripting.Core\Dependencies\YamlDotNet\Unity.VisualScripting.YamlDotNet.dll
Symbol file LoadedFromMemory doesn't match image C:\Users\YooRimKim\Desktop\GitHub\GoRunJump\Library\PackageCache\com.unity.visualscripting@1.8.0\Editor\VisualScripting.Core\Dependencies\DotNetZip\Unity.VisualScripting.IonicZip.dll
