Using pre-set license
Built from '2021.3/staging' branch; Version is '2021.3.21f1 (1b156197d683) revision 1774945'; Using compiler version '192829333'; Build Type 'Release'
OS: 'Windows 11  (10.0.22621) 64bit Core' Language: 'ko' Physical Memory: 8001 MB
BatchMode: 1, IsHumanControllingUs: 0, StartBugReporterOnCrash: 0, Is64bit: 1, IsPro: 1

COMMAND LINE ARGUMENTS:
C:\Program Files\2021.3.21f1\Editor\Unity.exe
-adb2
-batchMode
-noUpm
-name
AssetImportWorker0
-projectPath
C:/Users/YooRimKim/Desktop/GitHub/GoRunJump
-logFile
Logs/AssetImportWorker0.log
-srvPort
63108
Successfully changed project path to: C:/Users/YooRimKim/Desktop/GitHub/GoRunJump
C:/Users/YooRimKim/Desktop/GitHub/GoRunJump
[UnityMemory] Configuration Parameters - Can be set up in boot.config
    "memorysetup-bucket-allocator-granularity=16"
    "memorysetup-bucket-allocator-bucket-count=8"
    "memorysetup-bucket-allocator-block-size=33554432"
    "memorysetup-bucket-allocator-block-count=8"
    "memorysetup-main-allocator-block-size=16777216"
    "memorysetup-thread-allocator-block-size=16777216"
    "memorysetup-gfx-main-allocator-block-size=16777216"
    "memorysetup-gfx-thread-allocator-block-size=16777216"
    "memorysetup-cache-allocator-block-size=4194304"
    "memorysetup-typetree-allocator-block-size=2097152"
    "memorysetup-profiler-bucket-allocator-granularity=16"
    "memorysetup-profiler-bucket-allocator-bucket-count=8"
    "memorysetup-profiler-bucket-allocator-block-size=33554432"
    "memorysetup-profiler-bucket-allocator-block-count=8"
    "memorysetup-profiler-allocator-block-size=16777216"
    "memorysetup-profiler-editor-allocator-block-size=1048576"
    "memorysetup-temp-allocator-size-main=16777216"
    "memorysetup-job-temp-allocator-block-size=2097152"
    "memorysetup-job-temp-allocator-block-size-background=1048576"
    "memorysetup-job-temp-allocator-reduction-small-platforms=262144"
    "memorysetup-temp-allocator-size-background-worker=32768"
    "memorysetup-temp-allocator-size-job-worker=262144"
    "memorysetup-temp-allocator-size-preload-manager=33554432"
    "memorysetup-temp-allocator-size-nav-mesh-worker=65536"
    "memorysetup-temp-allocator-size-audio-worker=65536"
    "memorysetup-temp-allocator-size-cloud-worker=32768"
    "memorysetup-temp-allocator-size-gi-baking-worker=262144"
    "memorysetup-temp-allocator-size-gfx=262144"
Player connection [29672] Host "[IP] 192.168.239.1 [Port] 0 [Flags] 2 [Guid] 180762601 [EditorId] 180762601 [Version] 1048832 [Id] WindowsEditor(7,LAPTOP-CVBP1VVT) [Debug] 1 [PackageName] WindowsEditor [ProjectName] Editor" joined multi-casting on [225.0.0.222:54997]...

Player connection [29672] Host "[IP] 192.168.239.1 [Port] 0 [Flags] 2 [Guid] 180762601 [EditorId] 180762601 [Version] 1048832 [Id] WindowsEditor(7,LAPTOP-CVBP1VVT) [Debug] 1 [PackageName] WindowsEditor [ProjectName] Editor" joined alternative multi-casting on [225.0.0.222:34997]...

Refreshing native plugins compatible for Editor in 160.10 ms, found 3 plugins.
Preloading 0 native plugins for Editor in 0.00 ms.
Initialize engine version: 2021.3.21f1 (1b156197d683)
[Subsystems] Discovering subsystems at path C:/Program Files/2021.3.21f1/Editor/Data/Resources/UnitySubsystems
[Subsystems] Discovering subsystems at path C:/Users/YooRimKim/Desktop/GitHub/GoRunJump/Assets
GfxDevice: creating device client; threaded=0; jobified=0
Direct3D:
    Version:  Direct3D 11.0 [level 11.1]
    Renderer: NVIDIA GeForce MX250 (ID=0x1d13)
    Vendor:   NVIDIA
    VRAM:     1983 MB
    Driver:   31.0.15.2206
Initialize mono
Mono path[0] = 'C:/Program Files/2021.3.21f1/Editor/Data/Managed'
Mono path[1] = 'C:/Program Files/2021.3.21f1/Editor/Data/MonoBleedingEdge/lib/mono/unityjit-win32'
Mono config path = 'C:/Program Files/2021.3.21f1/Editor/Data/MonoBleedingEdge/etc'
Using monoOptions --debugger-agent=transport=dt_socket,embedding=1,server=y,suspend=n,address=127.0.0.1:56976
Begin MonoManager ReloadAssembly
Registering precompiled unity dll's ...
Register platform support module: C:/Program Files/2021.3.21f1/Editor/Data/PlaybackEngines/AndroidPlayer/UnityEditor.Android.Extensions.dll
Register platform support module: C:/Program Files/2021.3.21f1/Editor/Data/PlaybackEngines/iOSSupport/UnityEditor.iOS.Extensions.dll
Register platform support module: C:/Program Files/2021.3.21f1/Editor/Data/PlaybackEngines/WindowsStandaloneSupport/UnityEditor.WindowsStandalone.Extensions.dll
Registered in 0.008617 seconds.
Native extension for WindowsStandalone target not found
[usbmuxd] Start listen thread
[usbmuxd] Listen thread started
Native extension for iOS target not found
Native extension for Android target not found
Android Extension - Scanning For ADB Devices 634 ms
Refreshing native plugins compatible for Editor in 166.90 ms, found 3 plugins.
Preloading 0 native plugins for Editor in 0.00 ms.
Mono: successfully reloaded assembly
- Completed reload, in  1.879 seconds
Domain Reload Profiling:
	ReloadAssembly (1879ms)
		BeginReloadAssembly (168ms)
			ExecutionOrderSort (0ms)
			DisableScriptedObjects (0ms)
			BackupInstance (0ms)
			ReleaseScriptingObjects (0ms)
			CreateAndSetChildDomain (1ms)
		EndReloadAssembly (1516ms)
			LoadAssemblies (165ms)
			RebuildTransferFunctionScriptingTraits (0ms)
			SetupTypeCache (199ms)
			ReleaseScriptCaches (0ms)
			RebuildScriptCaches (48ms)
			SetupLoadedEditorAssemblies (1172ms)
				LogAssemblyErrors (0ms)
				InitializePlatformSupportModulesInManaged (763ms)
				SetLoadedEditorAssemblies (0ms)
				RefreshPlugins (167ms)
				BeforeProcessingInitializeOnLoad (3ms)
				ProcessInitializeOnLoadAttributes (164ms)
				ProcessInitializeOnLoadMethodAttributes (75ms)
				AfterProcessingInitializeOnLoad (0ms)
				EditorAssembliesLoaded (0ms)
			ExecutionOrderSort2 (0ms)
			AwakeInstancesAfterBackupRestoration (0ms)
Platform modules already initialized, skipping
Registering precompiled user dll's ...
Registered in 0.014774 seconds.
Begin MonoManager ReloadAssembly
Symbol file LoadedFromMemory doesn't match image C:\Users\YooRimKim\Desktop\GitHub\GoRunJump\Library\PackageCache\com.unity.visualscripting@1.8.0\Editor\VisualScripting.Core\Dependencies\YamlDotNet\Unity.VisualScripting.YamlDotNet.dll
Symbol file LoadedFromMemory doesn't match image C:\Users\YooRimKim\Desktop\GitHub\GoRunJump\Library\PackageCache\com.unity.visualscripting@1.8.0\Editor\VisualScripting.Core\Dependencies\DotNetZip\Unity.VisualScripting.IonicZip.dll
Native extension for WindowsStandalone target not found
Native extension for iOS target not found
Native extension for Android target not found
Refreshing native plugins compatible for Editor in 1.32 ms, found 3 plugins.
Preloading 0 native plugins for Editor in 0.00 ms.
Mono: successfully reloaded assembly
- Completed reload, in  1.993 seconds
Domain Reload Profiling:
	ReloadAssembly (1994ms)
		BeginReloadAssembly (223ms)
			ExecutionOrderSort (0ms)
			DisableScriptedObjects (9ms)
			BackupInstance (0ms)
			ReleaseScriptingObjects (0ms)
			CreateAndSetChildDomain (41ms)
		EndReloadAssembly (1581ms)
			LoadAssemblies (184ms)
			RebuildTransferFunctionScriptingTraits (0ms)
			SetupTypeCache (552ms)
			ReleaseScriptCaches (1ms)
			RebuildScriptCaches (91ms)
			SetupLoadedEditorAssemblies (713ms)
				LogAssemblyErrors (0ms)
				InitializePlatformSupportModulesInManaged (45ms)
				SetLoadedEditorAssemblies (1ms)
				RefreshPlugins (1ms)
				BeforeProcessingInitializeOnLoad (133ms)
				ProcessInitializeOnLoadAttributes (489ms)
				ProcessInitializeOnLoadMethodAttributes (32ms)
				AfterProcessingInitializeOnLoad (13ms)
				EditorAssembliesLoaded (0ms)
			ExecutionOrderSort2 (0ms)
			AwakeInstancesAfterBackupRestoration (17ms)
Platform modules already initialized, skipping
========================================================================
Worker process is ready to serve import requests
Launched and connected shader compiler UnityShaderCompiler.exe after 0.10 seconds
Refreshing native plugins compatible for Editor in 1.93 ms, found 3 plugins.
Preloading 0 native plugins for Editor in 0.00 ms.
Unloading 3312 Unused Serialized files (Serialized files now loaded: 0)
Unloading 38 unused Assets / (160.9 KB). Loaded Objects now: 3808.
Memory consumption went from 214.8 MB to 214.6 MB.
Total: 6.693100 ms (FindLiveObjects: 0.486200 ms CreateObjectMapping: 0.345300 ms MarkObjects: 5.645300 ms  DeleteObjects: 0.214100 ms)

AssetImportParameters requested are different than current active one (requested -> active):
  custom:video-decoder-ogg-theora: a1e56fd34408186e4bbccfd4996cb3dc -> 
  custom:container-muxer-webm: aa71ff27fc2769a1b78a27578f13a17b -> 
  custom:container-demuxer-webm: 4f35f7cbe854078d1ac9338744f61a02 -> 
  custom:video-encoder-webm-vp8: eb34c28f22e8b96e1ab97ce403110664 -> 
  custom:video-codec-MediaFoundation-h265: 746d11721c4dcdbdad8f713fa42b33f4 -> 
  custom:audio-encoder-webm-vorbis: bf7c407c2cedff20999df2af8eb42d56 -> 
  custom:framework-win-MediaFoundation: 216162199b28c13a410421893ffa2e32 -> 
  custom:container-demuxer-ogg: 62fdf1f143b41e24485cea50d1cbac27 -> 
  custom:video-decoder-webm-vp8: 9c59270c3fd7afecdb556c50c9e8de78 -> 
  custom:audio-decoder-ogg-vorbis: bf7c407c2cedff20999df2af8eb42d56 -> 
========================================================================
Received Import Request.
  Time since last request: 29046.207773 seconds.
  path: Assets/Sherbbs Particle Collection/Materials/VertexUnlitGlowFadeMask.mat
  artifactKey: Guid(76e54cc656308994e91600f1560448af) Importer(815301076,1909f56bfc062723c751e8b465ee728b)
Start importing Assets/Sherbbs Particle Collection/Materials/VertexUnlitGlowFadeMask.mat using Guid(76e54cc656308994e91600f1560448af) Importer(815301076,1909f56bfc062723c751e8b465ee728b)  -> (artifact id: 'b30d20eb6c0945dbdccaa464c99162a6') in 0.292521 seconds 
========================================================================
Received Import Request.
  Time since last request: 0.000072 seconds.
  path: Assets/Sherbbs Particle Collection/Materials/VertexUnlitDiffuseCircle.mat
  artifactKey: Guid(da51c40235f7fcc47812a1e6f2c6df0a) Importer(815301076,1909f56bfc062723c751e8b465ee728b)
Start importing Assets/Sherbbs Particle Collection/Materials/VertexUnlitDiffuseCircle.mat using Guid(da51c40235f7fcc47812a1e6f2c6df0a) Importer(815301076,1909f56bfc062723c751e8b465ee728b)  -> (artifact id: 'f879858ed93ab0f3ac84f08f60aeebf9') in 0.110856 seconds 
========================================================================
Received Import Request.
  Time since last request: 0.000144 seconds.
  path: Assets/Sherbbs Particle Collection/Materials/VertexUnlitGlowCircle.mat
  artifactKey: Guid(63c277894672e024897840a609c424ca) Importer(815301076,1909f56bfc062723c751e8b465ee728b)
Start importing Assets/Sherbbs Particle Collection/Materials/VertexUnlitGlowCircle.mat using Guid(63c277894672e024897840a609c424ca) Importer(815301076,1909f56bfc062723c751e8b465ee728b)  -> (artifact id: '3974ef4daa246b84acb4ebd434e71c13') in 0.090528 seconds 
========================================================================
Received Import Request.
  Time since last request: 0.000100 seconds.
  path: Assets/Sherbbs Particle Collection/Materials/VertexUnlitGlowHollowCircleAdditive.mat
  artifactKey: Guid(fa7ddd47dede42b4e82fa25bb3d3e1e4) Importer(815301076,1909f56bfc062723c751e8b465ee728b)
Start importing Assets/Sherbbs Particle Collection/Materials/VertexUnlitGlowHollowCircleAdditive.mat using Guid(fa7ddd47dede42b4e82fa25bb3d3e1e4) Importer(815301076,1909f56bfc062723c751e8b465ee728b)  -> (artifact id: '48b225d55cdc8dc79d4aa2e99dfe3d04') in 0.140841 seconds 
========================================================================
Received Import Request.
  Time since last request: 0.000226 seconds.
  path: Assets/Sherbbs Particle Collection/Materials/VertexUnlitGlowRoundedSquare.mat
  artifactKey: Guid(a1bc200c72ac7ee4cb0e1e043e5411a4) Importer(815301076,1909f56bfc062723c751e8b465ee728b)
Start importing Assets/Sherbbs Particle Collection/Materials/VertexUnlitGlowRoundedSquare.mat using Guid(a1bc200c72ac7ee4cb0e1e043e5411a4) Importer(815301076,1909f56bfc062723c751e8b465ee728b)  -> (artifact id: 'f6545f91d214bd3572111de904bbc857') in 0.088003 seconds 
========================================================================
Received Import Request.
  Time since last request: 0.000111 seconds.
  path: Assets/Sherbbs Particle Collection/Materials/VertexUnlitSlightGlowFadedMaskAdditive.mat
  artifactKey: Guid(a23bc5be0d07f7142b7e13aeb95dc248) Importer(815301076,1909f56bfc062723c751e8b465ee728b)
Start importing Assets/Sherbbs Particle Collection/Materials/VertexUnlitSlightGlowFadedMaskAdditive.mat using Guid(a23bc5be0d07f7142b7e13aeb95dc248) Importer(815301076,1909f56bfc062723c751e8b465ee728b)  -> (artifact id: '95a5be216b35b52d59174ccf39ff4068') in 0.090398 seconds 
========================================================================
Received Import Request.
  Time since last request: 1.132700 seconds.
  path: Assets/Sherbbs Particle Collection/Particles/Atmosphere/Confetti Rain.prefab
  artifactKey: Guid(77cddf39b775be645a02d57fc0347afb) Importer(815301076,1909f56bfc062723c751e8b465ee728b)
Start importing Assets/Sherbbs Particle Collection/Particles/Atmosphere/Confetti Rain.prefab using Guid(77cddf39b775be645a02d57fc0347afb) Importer(815301076,1909f56bfc062723c751e8b465ee728b)  -> (artifact id: '84e656e150fab9a0a151c8ed77fc066a') in 0.082909 seconds 
========================================================================
Received Import Request.
  Time since last request: 0.000064 seconds.
  path: Assets/Sherbbs Particle Collection/Particles/Atmosphere/FireFlies.prefab
  artifactKey: Guid(0b28d04bc9a122543ae0f12a59c00b20) Importer(815301076,1909f56bfc062723c751e8b465ee728b)
Start importing Assets/Sherbbs Particle Collection/Particles/Atmosphere/FireFlies.prefab using Guid(0b28d04bc9a122543ae0f12a59c00b20) Importer(815301076,1909f56bfc062723c751e8b465ee728b)  -> (artifact id: '91614664d0e2f3142c6b26f32c345b39') in 0.052087 seconds 
========================================================================
Received Import Request.
  Time since last request: 0.000034 seconds.
  path: Assets/Sherbbs Particle Collection/Particles/Atmosphere/Wind.prefab
  artifactKey: Guid(292bfa542cd61114883916af45c0c4f3) Importer(815301076,1909f56bfc062723c751e8b465ee728b)
Start importing Assets/Sherbbs Particle Collection/Particles/Atmosphere/Wind.prefab using Guid(292bfa542cd61114883916af45c0c4f3) Importer(815301076,1909f56bfc062723c751e8b465ee728b)  -> (artifact id: '94cf53187ceb0ddc94699818a41d7c6f') in 0.091250 seconds 
========================================================================
Received Import Request.
  Time since last request: 0.000074 seconds.
  path: Assets/Sherbbs Particle Collection/Particles/Atmosphere/Rain (Collision).prefab
  artifactKey: Guid(8407edd9f34fd6a458da5ab5802b803c) Importer(815301076,1909f56bfc062723c751e8b465ee728b)
Start importing Assets/Sherbbs Particle Collection/Particles/Atmosphere/Rain (Collision).prefab using Guid(8407edd9f34fd6a458da5ab5802b803c) Importer(815301076,1909f56bfc062723c751e8b465ee728b)  -> (artifact id: 'e3de28cc0e88489cea597a986c1e7946') in 0.066339 seconds 
========================================================================
Received Import Request.
  Time since last request: 14.349025 seconds.
  path: Assets/Particlecollection_Free samples/Material
  artifactKey: Guid(4c31f0315f49ad14282ce690033aa2fc) Importer(815301076,1909f56bfc062723c751e8b465ee728b)
Start importing Assets/Particlecollection_Free samples/Material using Guid(4c31f0315f49ad14282ce690033aa2fc) Importer(815301076,1909f56bfc062723c751e8b465ee728b)  -> (artifact id: '25c5c9798edbf3655d964b5341599888') in 0.024740 seconds 
========================================================================
Received Import Request.
  Time since last request: 0.033648 seconds.
  path: Assets/Particlecollection_Free samples/Material/Cutout_alpha.mat
  artifactKey: Guid(4bfdb2e9a4497ac4f9c528d88c5ef0b6) Importer(815301076,1909f56bfc062723c751e8b465ee728b)
Start importing Assets/Particlecollection_Free samples/Material/Cutout_alpha.mat using Guid(4bfdb2e9a4497ac4f9c528d88c5ef0b6) Importer(815301076,1909f56bfc062723c751e8b465ee728b)  -> (artifact id: '8f38bd04c0b6f71fcc44cfa685cd674c') in 0.153956 seconds 
========================================================================
Received Import Request.
  Time since last request: 0.000046 seconds.
  path: Assets/Particlecollection_Free samples/Material/Toon Blended Premmultiply_(original).mat
  artifactKey: Guid(a2a018bf04914674f9f7480c77ad63e2) Importer(815301076,1909f56bfc062723c751e8b465ee728b)
Start importing Assets/Particlecollection_Free samples/Material/Toon Blended Premmultiply_(original).mat using Guid(a2a018bf04914674f9f7480c77ad63e2) Importer(815301076,1909f56bfc062723c751e8b465ee728b)  -> (artifact id: '3bc8d8b680b747b2dfbeb4be750885e3') in 0.158922 seconds 
========================================================================
Received Import Request.
  Time since last request: 0.000047 seconds.
  path: Assets/Particlecollection_Free samples/Material/Toon Additive_(original).mat
  artifactKey: Guid(0ce72e57d829e5a4894fbe7326c7126f) Importer(815301076,1909f56bfc062723c751e8b465ee728b)
Start importing Assets/Particlecollection_Free samples/Material/Toon Additive_(original).mat using Guid(0ce72e57d829e5a4894fbe7326c7126f) Importer(815301076,1909f56bfc062723c751e8b465ee728b)  -> (artifact id: '6d470379800b28a89f8d914e621c2a42') in 0.149863 seconds 
========================================================================
Received Import Request.
  Time since last request: 0.000067 seconds.
  path: Assets/Particlecollection_Free samples/Material/power_04.mat
  artifactKey: Guid(80a9b503521136a4aaa36dc0eb47d239) Importer(815301076,1909f56bfc062723c751e8b465ee728b)
Start importing Assets/Particlecollection_Free samples/Material/power_04.mat using Guid(80a9b503521136a4aaa36dc0eb47d239) Importer(815301076,1909f56bfc062723c751e8b465ee728b)  -> (artifact id: '8c400952a94c0903571af4a8987a6dcd') in 0.083869 seconds 
========================================================================
Received Import Request.
  Time since last request: 0.000097 seconds.
  path: Assets/Particlecollection_Free samples/Material/ground.mat
  artifactKey: Guid(55549c75a53c5764e9b4f00d0fcac65e) Importer(815301076,1909f56bfc062723c751e8b465ee728b)
Start importing Assets/Particlecollection_Free samples/Material/ground.mat using Guid(55549c75a53c5764e9b4f00d0fcac65e) Importer(815301076,1909f56bfc062723c751e8b465ee728b)  -> (artifact id: '649e6fbcc3f4773c1cc8b57a86fbb2e2') in 0.274841 seconds 
========================================================================
Received Import Request.
  Time since last request: 0.000164 seconds.
  path: Assets/Particlecollection_Free samples/Material/EmissionGain_01.mat
  artifactKey: Guid(b0dd1004df1b23c47907f6e61eec17c7) Importer(815301076,1909f56bfc062723c751e8b465ee728b)
Start importing Assets/Particlecollection_Free samples/Material/EmissionGain_01.mat using Guid(b0dd1004df1b23c47907f6e61eec17c7) Importer(815301076,1909f56bfc062723c751e8b465ee728b)  -> (artifact id: 'aac8b46586db53c5effd38b9adb28308') in 0.189054 seconds 
========================================================================
Received Import Request.
  Time since last request: 0.000055 seconds.
  path: Assets/Particlecollection_Free samples/Material/Toon Additive_(posterize_4).mat
  artifactKey: Guid(8991ceccb50bf534f9215afa91062dc0) Importer(815301076,1909f56bfc062723c751e8b465ee728b)
Start importing Assets/Particlecollection_Free samples/Material/Toon Additive_(posterize_4).mat using Guid(8991ceccb50bf534f9215afa91062dc0) Importer(815301076,1909f56bfc062723c751e8b465ee728b)  -> (artifact id: 'e2d56217d95f6343b2736e9276e00592') in 0.162888 seconds 
========================================================================
Received Import Request.
  Time since last request: 0.000104 seconds.
  path: Assets/Particlecollection_Free samples/Material/Sprays_02.mat
  artifactKey: Guid(4325e9f8e79779a4cb77142ff9a246b8) Importer(815301076,1909f56bfc062723c751e8b465ee728b)
Start importing Assets/Particlecollection_Free samples/Material/Sprays_02.mat using Guid(4325e9f8e79779a4cb77142ff9a246b8) Importer(815301076,1909f56bfc062723c751e8b465ee728b)  -> (artifact id: '83d4e82803c4e3cf461bab94b0344048') in 0.433508 seconds 
========================================================================
Received Import Request.
  Time since last request: 0.000046 seconds.
  path: Assets/Particlecollection_Free samples/Material/effect_distortion_mask.mat
  artifactKey: Guid(e996f264d100b7440a22e2bcc83b4eff) Importer(815301076,1909f56bfc062723c751e8b465ee728b)
Start importing Assets/Particlecollection_Free samples/Material/effect_distortion_mask.mat using Guid(e996f264d100b7440a22e2bcc83b4eff) Importer(815301076,1909f56bfc062723c751e8b465ee728b)  -> (artifact id: '857c4f8d2f8929ffdab184470e1aafb9') in 0.245811 seconds 
========================================================================
Received Import Request.
  Time since last request: 0.000285 seconds.
  path: Assets/Particlecollection_Free samples/Material/power_03.mat
  artifactKey: Guid(6f9f0ffcd5d9d3740a7ab7971c7a442e) Importer(815301076,1909f56bfc062723c751e8b465ee728b)
Start importing Assets/Particlecollection_Free samples/Material/power_03.mat using Guid(6f9f0ffcd5d9d3740a7ab7971c7a442e) Importer(815301076,1909f56bfc062723c751e8b465ee728b)  -> (artifact id: 'ddf6c1d8fe2ddd7e92d247fe1f78f04b') in 0.096264 seconds 
========================================================================
Received Import Request.
  Time since last request: 0.000057 seconds.
  path: Assets/Particlecollection_Free samples/Material/hit_02.mat
  artifactKey: Guid(53a1831dc0bd279498de291748ee856f) Importer(815301076,1909f56bfc062723c751e8b465ee728b)
Start importing Assets/Particlecollection_Free samples/Material/hit_02.mat using Guid(53a1831dc0bd279498de291748ee856f) Importer(815301076,1909f56bfc062723c751e8b465ee728b)  -> (artifact id: '43b30846b3d7b7e2c2eb48ff49dad581') in 0.111133 seconds 
========================================================================
Received Import Request.
  Time since last request: 0.000098 seconds.
  path: Assets/Particlecollection_Free samples/Material/Line_02.mat
  artifactKey: Guid(4089f298867028346a1f1894bcddb34d) Importer(815301076,1909f56bfc062723c751e8b465ee728b)
Start importing Assets/Particlecollection_Free samples/Material/Line_02.mat using Guid(4089f298867028346a1f1894bcddb34d) Importer(815301076,1909f56bfc062723c751e8b465ee728b)  -> (artifact id: '60e01786fbcd185ad5e8df83b44b74e9') in 0.077690 seconds 
========================================================================
Received Import Request.
  Time since last request: 0.029651 seconds.
  path: Assets/Particlecollection_Free samples/Texture/rock_04.png
  artifactKey: Guid(0380d71e6f704f64a85ddb30cd95595f) Importer(815301076,1909f56bfc062723c751e8b465ee728b)
Start importing Assets/Particlecollection_Free samples/Texture/rock_04.png using Guid(0380d71e6f704f64a85ddb30cd95595f) Importer(815301076,1909f56bfc062723c751e8b465ee728b)  -> (artifact id: '27feb5ae76cbf65ddec92c88d83e36cf') in 0.139510 seconds 
========================================================================
Received Import Request.
  Time since last request: 4.869437 seconds.
  path: Assets/Particlecollection_Free samples/Prefab/ground_noshow.prefab
  artifactKey: Guid(e7298a3a55795d74d95723db751f8562) Importer(815301076,1909f56bfc062723c751e8b465ee728b)
Start importing Assets/Particlecollection_Free samples/Prefab/ground_noshow.prefab using Guid(e7298a3a55795d74d95723db751f8562) Importer(815301076,1909f56bfc062723c751e8b465ee728b)  -> (artifact id: '84465a55b69a7543876c9486915f77d3') in 0.057713 seconds 
========================================================================
Received Import Request.
  Time since last request: 2.890292 seconds.
  path: Assets/Particlecollection_Free samples/Prefab/Line/Line_001.prefab
  artifactKey: Guid(9ef916b309aba9446a08be5910cbc272) Importer(815301076,1909f56bfc062723c751e8b465ee728b)
Start importing Assets/Particlecollection_Free samples/Prefab/Line/Line_001.prefab using Guid(9ef916b309aba9446a08be5910cbc272) Importer(815301076,1909f56bfc062723c751e8b465ee728b)  -> (artifact id: '3ed02d26070a6c171268b251f52b1f3a') in 0.041317 seconds 
========================================================================
Received Import Request.
  Time since last request: 0.000036 seconds.
  path: Assets/Particlecollection_Free samples/Prefab/Line/Line_005.prefab
  artifactKey: Guid(96f2bc190f1b7ab46a26872f90662541) Importer(815301076,1909f56bfc062723c751e8b465ee728b)
Start importing Assets/Particlecollection_Free samples/Prefab/Line/Line_005.prefab using Guid(96f2bc190f1b7ab46a26872f90662541) Importer(815301076,1909f56bfc062723c751e8b465ee728b)  -> (artifact id: '04eb9e3052e9125da9ebfe03595186ff') in 0.056710 seconds 
========================================================================
Received Import Request.
  Time since last request: 0.000048 seconds.
  path: Assets/Particlecollection_Free samples/Prefab/Line/Line_003.prefab
  artifactKey: Guid(3e3ed234878908b46af9d087271c63dd) Importer(815301076,1909f56bfc062723c751e8b465ee728b)
Start importing Assets/Particlecollection_Free samples/Prefab/Line/Line_003.prefab using Guid(3e3ed234878908b46af9d087271c63dd) Importer(815301076,1909f56bfc062723c751e8b465ee728b)  -> (artifact id: '75adc4e2254716999e412e8f8f11119c') in 0.078064 seconds 
========================================================================
Received Import Request.
  Time since last request: 2.365841 seconds.
  path: Assets/Particlecollection_Free samples/Prefab/Line/Line_003.prefab
  artifactKey: Guid(3e3ed234878908b46af9d087271c63dd) Importer(815301076,1909f56bfc062723c751e8b465ee728b)
Start importing Assets/Particlecollection_Free samples/Prefab/Line/Line_003.prefab using Guid(3e3ed234878908b46af9d087271c63dd) Importer(815301076,1909f56bfc062723c751e8b465ee728b)  -> (artifact id: '458ddaab9befed6fb2d1dbb699a4b3a9') in 0.026455 seconds 
