Using pre-set license
Built from '2021.3/staging' branch; Version is '2021.3.21f1 (1b156197d683) revision 1774945'; Using compiler version '192829333'; Build Type 'Release'
OS: 'Windows 11  (10.0.22631) 64bit Professional' Language: 'ko' Physical Memory: 32607 MB
BatchMode: 1, IsHumanControllingUs: 0, StartBugReporterOnCrash: 0, Is64bit: 1, IsPro: 1

COMMAND LINE ARGUMENTS:
C:\Program Files\Unity\Hub\Editor\2021.3.21f1\Editor\Unity.exe
-adb2
-batchMode
-noUpm
-name
AssetImportWorker0
-projectPath
C:/Users/User/Desktop/GitHub/GoRunJumpProject
-logFile
Logs/AssetImportWorker0.log
-srvPort
49583
Successfully changed project path to: C:/Users/User/Desktop/GitHub/GoRunJumpProject
C:/Users/User/Desktop/GitHub/GoRunJumpProject
[UnityMemory] Configuration Parameters - Can be set up in boot.config
    "memorysetup-bucket-allocator-granularity=16"
    "memorysetup-bucket-allocator-bucket-count=8"
    "memorysetup-bucket-allocator-block-size=33554432"
    "memorysetup-bucket-allocator-block-count=8"
    "memorysetup-main-allocator-block-size=16777216"
    "memorysetup-thread-allocator-block-size=16777216"
    "memorysetup-gfx-main-allocator-block-size=16777216"
    "memorysetup-gfx-thread-allocator-block-size=16777216"
    "memorysetup-cache-allocator-block-size=4194304"
    "memorysetup-typetree-allocator-block-size=2097152"
    "memorysetup-profiler-bucket-allocator-granularity=16"
    "memorysetup-profiler-bucket-allocator-bucket-count=8"
    "memorysetup-profiler-bucket-allocator-block-size=33554432"
    "memorysetup-profiler-bucket-allocator-block-count=8"
    "memorysetup-profiler-allocator-block-size=16777216"
    "memorysetup-profiler-editor-allocator-block-size=1048576"
    "memorysetup-temp-allocator-size-main=16777216"
    "memorysetup-job-temp-allocator-block-size=2097152"
    "memorysetup-job-temp-allocator-block-size-background=1048576"
    "memorysetup-job-temp-allocator-reduction-small-platforms=262144"
    "memorysetup-temp-allocator-size-background-worker=32768"
    "memorysetup-temp-allocator-size-job-worker=262144"
    "memorysetup-temp-allocator-size-preload-manager=33554432"
    "memorysetup-temp-allocator-size-nav-mesh-worker=65536"
    "memorysetup-temp-allocator-size-audio-worker=65536"
    "memorysetup-temp-allocator-size-cloud-worker=32768"
    "memorysetup-temp-allocator-size-gi-baking-worker=262144"
    "memorysetup-temp-allocator-size-gfx=262144"
Player connection [32540] Host "[IP] 192.168.1.103 [Port] 0 [Flags] 2 [Guid] 2383364032 [EditorId] 2383364032 [Version] 1048832 [Id] WindowsEditor(7,DESKTOP-PO9L7R4) [Debug] 1 [PackageName] WindowsEditor [ProjectName] Editor" joined multi-casting on [225.0.0.222:54997]...

Player connection [32540] Host "[IP] 192.168.1.103 [Port] 0 [Flags] 2 [Guid] 2383364032 [EditorId] 2383364032 [Version] 1048832 [Id] WindowsEditor(7,DESKTOP-PO9L7R4) [Debug] 1 [PackageName] WindowsEditor [ProjectName] Editor" joined alternative multi-casting on [225.0.0.222:34997]...

Refreshing native plugins compatible for Editor in 79.28 ms, found 3 plugins.
Preloading 0 native plugins for Editor in 0.00 ms.
Initialize engine version: 2021.3.21f1 (1b156197d683)
[Subsystems] Discovering subsystems at path C:/Program Files/Unity/Hub/Editor/2021.3.21f1/Editor/Data/Resources/UnitySubsystems
[Subsystems] Discovering subsystems at path C:/Users/User/Desktop/GitHub/GoRunJumpProject/Assets
GfxDevice: creating device client; threaded=0; jobified=0
Direct3D:
    Version:  Direct3D 11.0 [level 11.1]
    Renderer: NVIDIA GeForce RTX 4070 Ti (ID=0x2782)
    Vendor:   NVIDIA
    VRAM:     11996 MB
    Driver:   31.0.15.5212
Initialize mono
Mono path[0] = 'C:/Program Files/Unity/Hub/Editor/2021.3.21f1/Editor/Data/Managed'
Mono path[1] = 'C:/Program Files/Unity/Hub/Editor/2021.3.21f1/Editor/Data/MonoBleedingEdge/lib/mono/unityjit-win32'
Mono config path = 'C:/Program Files/Unity/Hub/Editor/2021.3.21f1/Editor/Data/MonoBleedingEdge/etc'
Using monoOptions --debugger-agent=transport=dt_socket,embedding=1,server=y,suspend=n,address=127.0.0.1:56576
Begin MonoManager ReloadAssembly
Registering precompiled unity dll's ...
Register platform support module: C:/Program Files/Unity/Hub/Editor/2021.3.21f1/Editor/Data/PlaybackEngines/AndroidPlayer/UnityEditor.Android.Extensions.dll
Register platform support module: C:/Program Files/Unity/Hub/Editor/2021.3.21f1/Editor/Data/PlaybackEngines/WindowsStandaloneSupport/UnityEditor.WindowsStandalone.Extensions.dll
Registered in 0.220375 seconds.
Native extension for WindowsStandalone target not found
Native extension for Android target not found
Android Extension - Scanning For ADB Devices 193 ms
Refreshing native plugins compatible for Editor in 38.86 ms, found 3 plugins.
Preloading 0 native plugins for Editor in 0.00 ms.
Mono: successfully reloaded assembly
- Completed reload, in  4.843 seconds
Domain Reload Profiling:
	ReloadAssembly (4844ms)
		BeginReloadAssembly (3207ms)
			ExecutionOrderSort (0ms)
			DisableScriptedObjects (0ms)
			BackupInstance (0ms)
			ReleaseScriptingObjects (0ms)
			CreateAndSetChildDomain (0ms)
		EndReloadAssembly (1126ms)
			LoadAssemblies (3206ms)
			RebuildTransferFunctionScriptingTraits (0ms)
			SetupTypeCache (746ms)
			ReleaseScriptCaches (0ms)
			RebuildScriptCaches (14ms)
			SetupLoadedEditorAssemblies (339ms)
				LogAssemblyErrors (0ms)
				InitializePlatformSupportModulesInManaged (228ms)
				SetLoadedEditorAssemblies (0ms)
				RefreshPlugins (39ms)
				BeforeProcessingInitializeOnLoad (1ms)
				ProcessInitializeOnLoadAttributes (43ms)
				ProcessInitializeOnLoadMethodAttributes (29ms)
				AfterProcessingInitializeOnLoad (0ms)
				EditorAssembliesLoaded (0ms)
			ExecutionOrderSort2 (0ms)
			AwakeInstancesAfterBackupRestoration (0ms)
Platform modules already initialized, skipping
Registering precompiled user dll's ...
Registered in 0.003078 seconds.
Begin MonoManager ReloadAssembly
Symbol file LoadedFromMemory doesn't match image C:\Users\User\Desktop\GitHub\GoRunJumpProject\Library\PackageCache\com.unity.visualscripting@1.8.0\Editor\VisualScripting.Core\Dependencies\YamlDotNet\Unity.VisualScripting.YamlDotNet.dll
Symbol file LoadedFromMemory doesn't match image C:\Users\User\Desktop\GitHub\GoRunJumpProject\Library\PackageCache\com.unity.visualscripting@1.8.0\Editor\VisualScripting.Core\Dependencies\DotNetZip\Unity.VisualScripting.IonicZip.dll
Native extension for WindowsStandalone target not found
Native extension for Android target not found
Refreshing native plugins compatible for Editor in 0.38 ms, found 3 plugins.
Preloading 0 native plugins for Editor in 0.00 ms.
Mono: successfully reloaded assembly
- Completed reload, in  3.800 seconds
Domain Reload Profiling:
	ReloadAssembly (3800ms)
		BeginReloadAssembly (66ms)
			ExecutionOrderSort (0ms)
			DisableScriptedObjects (3ms)
			BackupInstance (0ms)
			ReleaseScriptingObjects (0ms)
			CreateAndSetChildDomain (11ms)
		EndReloadAssembly (3649ms)
			LoadAssemblies (2705ms)
			RebuildTransferFunctionScriptingTraits (0ms)
			SetupTypeCache (682ms)
			ReleaseScriptCaches (0ms)
			RebuildScriptCaches (30ms)
			SetupLoadedEditorAssemblies (212ms)
				LogAssemblyErrors (0ms)
				InitializePlatformSupportModulesInManaged (10ms)
				SetLoadedEditorAssemblies (0ms)
				RefreshPlugins (0ms)
				BeforeProcessingInitializeOnLoad (40ms)
				ProcessInitializeOnLoadAttributes (147ms)
				ProcessInitializeOnLoadMethodAttributes (11ms)
				AfterProcessingInitializeOnLoad (4ms)
				EditorAssembliesLoaded (0ms)
			ExecutionOrderSort2 (0ms)
			AwakeInstancesAfterBackupRestoration (7ms)
Platform modules already initialized, skipping
========================================================================
Worker process is ready to serve import requests
Launched and connected shader compiler UnityShaderCompiler.exe after 0.05 seconds
Refreshing native plugins compatible for Editor in 0.43 ms, found 3 plugins.
Preloading 0 native plugins for Editor in 0.00 ms.
Unloading 3311 Unused Serialized files (Serialized files now loaded: 0)
Unloading 36 unused Assets / (105.2 KB). Loaded Objects now: 3809.
Memory consumption went from 214.8 MB to 214.7 MB.
Total: 1.623400 ms (FindLiveObjects: 0.152200 ms CreateObjectMapping: 0.045000 ms MarkObjects: 1.395500 ms  DeleteObjects: 0.029900 ms)

AssetImportParameters requested are different than current active one (requested -> active):
  custom:video-decoder-ogg-theora: a1e56fd34408186e4bbccfd4996cb3dc -> 
  custom:container-muxer-webm: aa71ff27fc2769a1b78a27578f13a17b -> 
  custom:container-demuxer-webm: 4f35f7cbe854078d1ac9338744f61a02 -> 
  custom:video-encoder-webm-vp8: eb34c28f22e8b96e1ab97ce403110664 -> 
  custom:video-codec-MediaFoundation-h265: 746d11721c4dcdbdad8f713fa42b33f4 -> 
  custom:audio-encoder-webm-vorbis: bf7c407c2cedff20999df2af8eb42d56 -> 
  custom:framework-win-MediaFoundation: 216162199b28c13a410421893ffa2e32 -> 
  custom:container-demuxer-ogg: 62fdf1f143b41e24485cea50d1cbac27 -> 
  custom:video-decoder-webm-vp8: 9c59270c3fd7afecdb556c50c9e8de78 -> 
  custom:audio-decoder-ogg-vorbis: bf7c407c2cedff20999df2af8eb42d56 -> 
========================================================================
Received Import Request.
  Time since last request: 268889.468829 seconds.
  path: Assets/Animators/Player/Running Tired.fbx
  artifactKey: Guid(6942001864c5c0949bd49aaee2ec2690) Importer(815301076,1909f56bfc062723c751e8b465ee728b)
Start importing Assets/Animators/Player/Running Tired.fbx using Guid(6942001864c5c0949bd49aaee2ec2690) Importer(815301076,1909f56bfc062723c751e8b465ee728b)  -> (artifact id: 'ac0baab7b5b724d94ac9186267f899a2') in 0.055524 seconds 
========================================================================
Received Import Request.
  Time since last request: 0.000012 seconds.
  path: Assets/Animators/Player/Holding Down.fbx
  artifactKey: Guid(80da48787598fe943bfeadb22d3f04da) Importer(815301076,1909f56bfc062723c751e8b465ee728b)
Start importing Assets/Animators/Player/Holding Down.fbx using Guid(80da48787598fe943bfeadb22d3f04da) Importer(815301076,1909f56bfc062723c751e8b465ee728b)  -> (artifact id: '04573f70209b13dd3764bc3df753e6c1') in 0.012648 seconds 
========================================================================
Received Import Request.
  Time since last request: 0.000014 seconds.
  path: Assets/Animators/Player/Dwarf Idle.fbx
  artifactKey: Guid(153e17c0898822340b71e81608285df9) Importer(815301076,1909f56bfc062723c751e8b465ee728b)
Start importing Assets/Animators/Player/Dwarf Idle.fbx using Guid(153e17c0898822340b71e81608285df9) Importer(815301076,1909f56bfc062723c751e8b465ee728b)  -> (artifact id: '0f92605b804c1cdeb8df2156639e9c27') in 0.008516 seconds 
========================================================================
Received Import Request.
  Time since last request: 0.000014 seconds.
  path: Assets/Scenes/TutorialScene.unity
  artifactKey: Guid(9fc0d4010bbf28b4594072e72b8655ab) Importer(815301076,1909f56bfc062723c751e8b465ee728b)
Start importing Assets/Scenes/TutorialScene.unity using Guid(9fc0d4010bbf28b4594072e72b8655ab) Importer(815301076,1909f56bfc062723c751e8b465ee728b)  -> (artifact id: '2335120804fdafcd6dcd526c5bc070a0') in 0.005510 seconds 
========================================================================
Received Import Request.
  Time since last request: 0.000011 seconds.
  path: Assets/Animators/Player/Falling1.fbx
  artifactKey: Guid(35d2275699e351e4db7e9eb7366ccf2e) Importer(815301076,1909f56bfc062723c751e8b465ee728b)
Start importing Assets/Animators/Player/Falling1.fbx using Guid(35d2275699e351e4db7e9eb7366ccf2e) Importer(815301076,1909f56bfc062723c751e8b465ee728b)  -> (artifact id: 'f56439653c86a4a04257ea2ba98ad6dc') in 0.009738 seconds 
========================================================================
Received Import Request.
  Time since last request: 27.188277 seconds.
  path: Assets/Animators/Player/Player.controller
  artifactKey: Guid(757be4c95e83ae74aafeceae5daac372) Importer(815301076,1909f56bfc062723c751e8b465ee728b)
Start importing Assets/Animators/Player/Player.controller using Guid(757be4c95e83ae74aafeceae5daac372) Importer(815301076,1909f56bfc062723c751e8b465ee728b)  -> (artifact id: 'c0fe95425dbc482840354c2d69dedf31') in 0.012136 seconds 
========================================================================
Received Import Request.
  Time since last request: 16.950202 seconds.
  path: Assets/Character
  artifactKey: Guid(d33bae10c103b014f8e6631d3b773c7c) Importer(815301076,1909f56bfc062723c751e8b465ee728b)
Start importing Assets/Character using Guid(d33bae10c103b014f8e6631d3b773c7c) Importer(815301076,1909f56bfc062723c751e8b465ee728b)  -> (artifact id: 'e4493be083a9a703b63d673dd83443af') in 0.006098 seconds 
========================================================================
Received Import Request.
  Time since last request: 0.069751 seconds.
  path: Assets/Character/Mousey.fbx
  artifactKey: Guid(70e6e7930b0226e40ab282368f55f3b9) Importer(815301076,1909f56bfc062723c751e8b465ee728b)
Start importing Assets/Character/Mousey.fbx using Guid(70e6e7930b0226e40ab282368f55f3b9) Importer(815301076,1909f56bfc062723c751e8b465ee728b)  -> (artifact id: 'a82264dbdd8965d3a80c576d6b966e51') in 0.103479 seconds 
========================================================================
Received Import Request.
  Time since last request: 257.203752 seconds.
  path: Assets/Animators
  artifactKey: Guid(2133fff72ea7b5843902b3ad4e53c24b) Importer(815301076,1909f56bfc062723c751e8b465ee728b)
Start importing Assets/Animators using Guid(2133fff72ea7b5843902b3ad4e53c24b) Importer(815301076,1909f56bfc062723c751e8b465ee728b)  -> (artifact id: 'a9d9113daba4271bbfedb1d650f52f7c') in 0.006518 seconds 
========================================================================
Received Import Request.
  Time since last request: 6.185180 seconds.
  path: Assets/Animators/Player
  artifactKey: Guid(7196c069acf4a6c4983c3c4faf156da6) Importer(815301076,1909f56bfc062723c751e8b465ee728b)
Start importing Assets/Animators/Player using Guid(7196c069acf4a6c4983c3c4faf156da6) Importer(815301076,1909f56bfc062723c751e8b465ee728b)  -> (artifact id: 'eae48a47c0be7ea19bbcd4b4d7f152f9') in 0.006191 seconds 
